<?xml version="1.0" encoding="UTF-8"?>
<!-- Generated by org.testng.reporters.JUnitReportReporter -->
<testsuite hostname="DESKTOP-T7EHHSF" failures="0" tests="6" name="com.testng.Grouping" time="0.117" errors="0" timestamp="2025-09-10T14:43:35 IST" skipped="0">
  <testcase classname="com.testng.Grouping" name="bcom" time="0.059"/>
  <testcase classname="com.testng.Grouping" name="bsc" time="0.013"/>
  <testcase classname="com.testng.Grouping" name="be" time="0.013"/>
  <testcase classname="com.testng.Grouping" name="malayalam" time="0.016"/>
  <testcase classname="com.testng.Grouping" name="tamil" time="0.006"/>
  <testcase classname="com.testng.Grouping" name="english" time="0.010"/>
</testsuite> <!-- com.testng.Grouping -->
