<?xml version="1.0" encoding="UTF-8"?>
<!-- Generated by org.testng.reporters.JUnitReportReporter -->
<testsuite hostname="DESKTOP-T7EHHSF" failures="0" tests="3" name="com.testng.ExpectedExceptions" time="0.071" errors="0" timestamp="2025-09-10T08:15:49 IST" skipped="0">
  <testcase classname="com.testng.ExpectedExceptions" name="method3" time="0.020"/>
  <testcase classname="com.testng.ExpectedExceptions" name="method1" time="0.043"/>
  <testcase classname="com.testng.ExpectedExceptions" name="method2" time="0.008"/>
</testsuite> <!-- com.testng.ExpectedExceptions -->
