<?xml version="1.0" encoding="UTF-8"?>
<!-- Generated by org.testng.reporters.JUnitReportReporter -->
<testsuite hostname="DESKTOP-T7EHHSF" failures="0" tests="4" name="com.testng.TestNGExcelDataProvider" time="57.660" errors="0" timestamp="2025-09-10T19:26:53 IST" skipped="0">
  <testcase classname="com.testng.TestNGExcelDataProvider" name="testMethod" time="12.115"/>
  <testcase classname="com.testng.TestNGExcelDataProvider" name="testMethod" time="18.565"/>
  <testcase classname="com.testng.TestNGExcelDataProvider" name="testMethod" time="14.729"/>
  <testcase classname="com.testng.TestNGExcelDataProvider" name="testMethod" time="12.251"/>
</testsuite> <!-- com.testng.TestNGExcelDataProvider -->
