<?xml version="1.0" encoding="UTF-8"?>
<!-- Generated by org.testng.reporters.JUnitReportReporter -->
<testsuite hostname="DESKTOP-T7EHHSF" failures="0" tests="3" name="com.testng.SimpleAnnotations" time="0.062" errors="0" timestamp="2025-09-08T12:27:58 IST" skipped="0">
  <testcase classname="com.testng.SimpleAnnotations" name="women" time="0.012"/>
  <testcase classname="com.testng.SimpleAnnotations" name="kids" time="0.033"/>
  <testcase classname="com.testng.SimpleAnnotations" name="men" time="0.017"/>
</testsuite> <!-- com.testng.SimpleAnnotations -->
