<?xml version="1.0" encoding="UTF-8"?>
<!-- Generated by org.testng.reporters.JUnitReportReporter -->
<testsuite hostname="DESKTOP-T7EHHSF" failures="0" tests="3" name="com.testng.CrossBrowser" time="32.890" errors="0" timestamp="2025-09-15T15:23:56 IST" skipped="2">
  <testcase classname="com.testng.CrossBrowser" name="chrome" time="32.890"/>
  <testcase classname="com.testng.CrossBrowser" name="edge">
    <skipped/>
  </testcase> <!-- edge -->
  <testcase classname="com.testng.CrossBrowser" name="firefox">
    <skipped/>
  </testcase> <!-- firefox -->
</testsuite> <!-- com.testng.CrossBrowser -->
