<?xml version="1.0" encoding="UTF-8"?>
<!-- Generated by org.testng.reporters.JUnitReportReporter -->
<testsuite hostname="DESKTOP-T7EHHSF" failures="0" tests="2" name="com.testng.InvocationClass" time="54.227" errors="0" timestamp="2025-09-10T16:47:41 IST" skipped="0">
  <testcase classname="com.testng.InvocationClass" name="login" time="19.572"/>
  <testcase classname="com.testng.InvocationClass" name="login" time="34.655"/>
</testsuite> <!-- com.testng.InvocationClass -->
