<?xml version="1.0" encoding="UTF-8"?>
<!-- Generated by org.testng.reporters.JUnitReportReporter -->
<testsuite hostname="DESKTOP-T7EHHSF" failures="0" tests="1" name="com.testng.FileUpload" time="42.839" errors="0" timestamp="2025-09-10T20:47:56 IST" skipped="0">
  <testcase classname="com.testng.FileUpload" name="fileUploads" time="42.839"/>
</testsuite> <!-- com.testng.FileUpload -->
