<?xml version="1.0" encoding="UTF-8"?>
<!-- Generated by org.testng.reporters.JUnitReportReporter -->
<testsuite hostname="DESKTOP-T7EHHSF" failures="0" tests="3" name="com.testng.Priority" time="0.067" errors="0" timestamp="2025-09-10T07:56:15 IST" skipped="0">
  <testcase classname="com.testng.Priority" name="login" time="0.053"/>
  <testcase classname="com.testng.Priority" name="search" time="0.007"/>
  <testcase classname="com.testng.Priority" name="addToCart" time="0.007"/>
</testsuite> <!-- com.testng.Priority -->
